[debug] [2021-06-15T09:35:53.978Z] ----------------------------------------------------------------------
[debug] [2021-06-15T09:35:53.980Z] Command:       C:\Program Files\nodejs\node.exe C:\Users\hp\AppData\Roaming\npm\node_modules\firebase-tools\lib\bin\firebase.js init
[debug] [2021-06-15T09:35:53.981Z] CLI Version:   9.12.1
[debug] [2021-06-15T09:35:53.981Z] Platform:      win32
[debug] [2021-06-15T09:35:53.981Z] Node Version:  v14.16.0
[debug] [2021-06-15T09:35:53.983Z] Time:          Tue Jun 15 2021 10:35:53 GMT+0100 (UTC+01:00)
[debug] [2021-06-15T09:35:53.983Z] ----------------------------------------------------------------------
[debug] 
[debug] [2021-06-15T09:35:53.991Z] > command requires scopes: ["email","openid","https://www.googleapis.com/auth/cloudplatformprojects.readonly","https://www.googleapis.com/auth/firebase","https://www.googleapis.com/auth/cloud-platform"]
[debug] [2021-06-15T09:35:53.991Z] > authorizing via signed-in user (berhiddich@gmail.com)
[info] 
     ######## #### ########  ######## ########     ###     ######  ########
     ##        ##  ##     ## ##       ##     ##  ##   ##  ##       ##
     ######    ##  ########  ######   ########  #########  ######  ######
     ##        ##  ##    ##  ##       ##     ## ##     ##       ## ##
     ##       #### ##     ## ######## ########  ##     ##  ######  ########

You're about to initialize a Firebase project in this directory:

  C:\Users\hp\source\repos\angularCrud

Before we get started, keep in mind:

  * You are initializing in an existing Firebase project directory

